
  ==========================================
  Studio Pro version: 11.0.1
  Started at: 20/11/2024 16:12:12
  ==========================================
  

[2024-11-20T19:12:17.689Z] : [info]: ---------------------------------------------

[2024-11-20T19:12:17.690Z] : [success]: Bot started

[2024-11-20T19:12:17.691Z] : [info]: Robot start

[2024-11-20T19:12:53.049Z] : [warn]: There is a small amount of free memory (RAM) left, 92.66% of RAM is being used (7317 MBs). The performance of Studio Pro and bots during execution may be unstable. Close applications that are not being used, increase the memory, or optimize the workflow.

[2024-11-20T19:14:26.642Z] : [success]: Bot finished successfully, total execution time: 2m 8s 946ms

[2024-11-20T19:14:26.643Z] : [info]: ---------------------------------------------

[2024-11-20T19:14:33.569Z] : [success]: Bot started

[2024-11-20T19:14:33.570Z] : [info]: Robot start

[2024-11-20T19:15:29.380Z] : [error]: Script Stopped.

[2024-11-20T19:15:29.455Z] : [info]: ---------------------------------------------

[2024-11-20T19:15:36.739Z] : [success]: Bot started

[2024-11-20T19:15:36.740Z] : [info]: Robot start

[2024-11-20T19:15:48.354Z] : [error]: The bot could not interact with an element. See details to check the error. : CAN_NOT_FIND_HTML_ELEMENT

[2024-11-20T19:15:52.801Z] : [success]: Bot finished successfully, total execution time: 16s 57ms

[2024-11-20T19:15:52.803Z] : [info]: ---------------------------------------------

[2024-11-20T19:15:53.542Z] : [warn]: There is a small amount of free memory (RAM) left, 90.19% of RAM is being used (7122 MBs). The performance of Studio Pro and bots during execution may be unstable. Close applications that are not being used, increase the memory, or optimize the workflow.

