
  ==========================================
  Studio Pro version: 11.0.1
  Started at: 20/11/2024 08:42:23
  ==========================================
  

[2024-11-20T11:43:22.807Z] : [warn]: There is a small amount of free memory (RAM) left, 90.17% of RAM is being used (7121 MBs). The performance of Studio Pro and bots during execution may be unstable. Close applications that are not being used, increase the memory, or optimize the workflow.

[2024-11-20T11:47:08.894Z] : [info]: ---------------------------------------------

[2024-11-20T11:47:08.895Z] : [success]: Bot started

[2024-11-20T11:47:08.896Z] : [info]: Robot start

[2024-11-20T11:47:08.941Z] : [success]: Robot saved successfully

[2024-11-20T11:47:21.713Z] : [error]: Script Stopped.

[2024-11-20T11:47:21.827Z] : [info]: Total execution time: 12s 816ms

[2024-11-20T11:47:21.828Z] : [info]: ---------------------------------------------

[2024-11-20T11:53:22.806Z] : [warn]: There is a small amount of free memory (RAM) left, 90.69% of RAM is being used (7162 MBs). The performance of Studio Pro and bots during execution may be unstable. Close applications that are not being used, increase the memory, or optimize the workflow.

[2024-11-20T11:56:43.006Z] : [success]: Robot saved successfully

[2024-11-20T11:59:41.846Z] : [success]: Robot saved successfully

[2024-11-20T12:05:35.338Z] : [success]: Bot started

[2024-11-20T12:05:35.339Z] : [info]: Robot start

[2024-11-20T12:05:35.390Z] : [success]: Robot saved successfully

[2024-11-20T12:05:38.059Z] : [info]: 999

[2024-11-20T12:05:38.886Z] : [success]: Bot finished successfully, total execution time: 3s 544ms

[2024-11-20T12:05:38.887Z] : [info]: ---------------------------------------------

[2024-11-20T12:28:46.932Z] : [success]: Robot saved successfully

[2024-11-20T12:30:59.543Z] : [success]: Robot saved successfully

[2024-11-20T12:54:00.360Z] : [success]: Bot started

[2024-11-20T12:54:00.361Z] : [info]: Robot start

[2024-11-20T12:54:00.409Z] : [success]: Robot saved successfully

[2024-11-20T12:54:04.805Z] : [error]: Invalid login: 535 5.7.0 (#AUTH005) Too many bad auth attempts.

[2024-11-20T12:54:05.220Z] : [info]: Total execution time: 4s 443ms

[2024-11-20T12:54:05.222Z] : [info]: ---------------------------------------------

[2024-11-20T12:56:19.628Z] : [success]: Bot started

[2024-11-20T12:56:19.629Z] : [info]: Robot start

[2024-11-20T12:56:19.675Z] : [success]: Robot saved successfully

[2024-11-20T12:56:44.293Z] : [error]: connect ETIMEDOUT 74.6.231.20:465

[2024-11-20T12:56:45.252Z] : [info]: Total execution time: 24s 662ms

[2024-11-20T12:56:45.253Z] : [info]: ---------------------------------------------

[2024-11-20T13:00:31.100Z] : [success]: Bot started

[2024-11-20T13:00:31.101Z] : [info]: Robot start

[2024-11-20T13:00:31.136Z] : [success]: Robot saved successfully

[2024-11-20T13:00:34.870Z] : [error]: Office 365: Authentication error.

[2024-11-20T13:00:35.220Z] : [info]: Total execution time: 3s 769ms

[2024-11-20T13:00:35.221Z] : [info]: ---------------------------------------------

[2024-11-20T13:03:54.325Z] : [success]: Bot started

[2024-11-20T13:03:54.326Z] : [info]: Robot start

[2024-11-20T13:03:54.363Z] : [success]: Robot saved successfully

[2024-11-20T13:03:58.105Z] : [error]: Invalid login: 535 5.7.0 (#AUTH005) Too many bad auth attempts.

[2024-11-20T13:03:58.486Z] : [info]: Total execution time: 3s 779ms

[2024-11-20T13:03:58.487Z] : [info]: ---------------------------------------------

[2024-11-20T13:07:22.810Z] : [warn]: There is a small amount of free memory (RAM) left, 91.88% of RAM is being used (7256 MBs). The performance of Studio Pro and bots during execution may be unstable. Close applications that are not being used, increase the memory, or optimize the workflow.

[2024-11-20T13:12:58.399Z] : [success]: Bot started

[2024-11-20T13:12:58.402Z] : [info]: Robot start

[2024-11-20T13:12:58.444Z] : [success]: Robot saved successfully

[2024-11-20T13:13:02.708Z] : [success]: Bot finished successfully, total execution time: 4s 303ms

[2024-11-20T13:13:02.709Z] : [info]: ---------------------------------------------

[2024-11-20T13:15:52.840Z] : [warn]: There is a small amount of free memory (RAM) left, 91.48% of RAM is being used (7224 MBs). The performance of Studio Pro and bots during execution may be unstable. Close applications that are not being used, increase the memory, or optimize the workflow.

[2024-11-20T13:15:58.652Z] : [info]: ---------------------------------------------

[2024-11-20T13:15:58.652Z] : [success]: Bot started

[2024-11-20T13:15:58.653Z] : [info]: Robot start

[2024-11-20T13:15:58.691Z] : [success]: Robot saved successfully

[2024-11-20T13:16:25.566Z] : [error]: Disposable been disposed

[2024-11-20T13:16:25.997Z] : [info]: Total execution time: 26s 911ms

[2024-11-20T13:16:25.998Z] : [info]: ---------------------------------------------

[2024-11-20T13:17:40.759Z] : [success]: Bot started

[2024-11-20T13:17:40.759Z] : [info]: Robot start

[2024-11-20T13:17:40.789Z] : [success]: Robot saved successfully

[2024-11-20T13:17:43.602Z] : [info]: The robot could not find the Start button. See details to check the error. : excel_content is not defined

[2024-11-20T13:17:45.385Z] : [error]: Office 365: activity error

[2024-11-20T13:17:45.695Z] : [info]: Total execution time: 4s 626ms

[2024-11-20T13:17:45.696Z] : [info]: ---------------------------------------------

[2024-11-20T13:18:01.205Z] : [success]: Bot started

[2024-11-20T13:18:01.206Z] : [info]: Robot start

[2024-11-20T13:18:01.231Z] : [success]: Robot saved successfully

[2024-11-20T13:18:22.801Z] : [warn]: There is a small amount of free memory (RAM) left, 91.06% of RAM is being used (7191 MBs). The performance of Studio Pro and bots during execution may be unstable. Close applications that are not being used, increase the memory, or optimize the workflow.

[2024-11-20T13:18:24.358Z] : [error]: Script Stopped.

[2024-11-20T13:18:24.952Z] : [info]: Total execution time: 23s 152ms

[2024-11-20T13:18:24.954Z] : [info]: ---------------------------------------------

[2024-11-20T13:20:52.812Z] : [warn]: There is a small amount of free memory (RAM) left, 92.91% of RAM is being used (7337 MBs). The performance of Studio Pro and bots during execution may be unstable. Close applications that are not being used, increase the memory, or optimize the workflow.

[2024-11-20T13:21:54.025Z] : [success]: Bot started

[2024-11-20T13:21:54.026Z] : [info]: Robot start

[2024-11-20T13:21:54.063Z] : [success]: Robot saved successfully

[2024-11-20T13:22:16.879Z] : [error]: Script Stopped.

[2024-11-20T13:22:17.259Z] : [info]: Total execution time: 22s 851ms

[2024-11-20T13:22:17.260Z] : [info]: ---------------------------------------------

[2024-11-20T13:26:06.261Z] : [success]: Robot saved successfully

[2024-11-20T13:26:24.700Z] : [success]: Robot saved successfully

[2024-11-20T13:27:05.924Z] : [info]: ---------------------------------------------

[2024-11-20T13:27:05.925Z] : [success]: Bot started

[2024-11-20T13:27:05.925Z] : [info]: Robot start

[2024-11-20T13:29:18.543Z] : [success]: Bot finished successfully, total execution time: 2m 12s 615ms

[2024-11-20T13:29:18.544Z] : [info]: ---------------------------------------------

[2024-11-20T13:29:55.926Z] : [success]: Bot started

[2024-11-20T13:29:55.927Z] : [info]: Robot start

[2024-11-20T13:29:55.981Z] : [success]: Robot saved successfully

[2024-11-20T13:30:14.472Z] : [info]: The robot could not find the Start button. See details to check the error. : CAN_NOT_FIND_HTML_ELEMENT

[2024-11-20T13:30:17.334Z] : [success]: Bot finished successfully, total execution time: 21s 403ms

[2024-11-20T13:30:17.336Z] : [info]: ---------------------------------------------

[2024-11-20T13:30:22.800Z] : [warn]: There is a small amount of free memory (RAM) left, 90.25% of RAM is being used (7127 MBs). The performance of Studio Pro and bots during execution may be unstable. Close applications that are not being used, increase the memory, or optimize the workflow.

[2024-11-20T13:32:08.875Z] : [success]: Bot started

[2024-11-20T13:32:08.876Z] : [info]: Robot start

[2024-11-20T13:32:08.928Z] : [success]: Robot saved successfully

[2024-11-20T13:32:11.856Z] : [success]: Bot finished successfully, total execution time: 2s 976ms

[2024-11-20T13:32:11.858Z] : [info]: ---------------------------------------------

[2024-11-20T13:48:22.812Z] : [warn]: There is a small amount of free memory (RAM) left, 93.23% of RAM is being used (7362 MBs). The performance of Studio Pro and bots during execution may be unstable. Close applications that are not being used, increase the memory, or optimize the workflow.

[2024-11-20T13:51:22.806Z] : [warn]: There is a small amount of free memory (RAM) left, 94.73% of RAM is being used (7481 MBs). The performance of Studio Pro and bots during execution may be unstable. Close applications that are not being used, increase the memory, or optimize the workflow.

[2024-11-20T13:56:22.796Z] : [warn]: There is a small amount of free memory (RAM) left, 90.05% of RAM is being used (7111 MBs). The performance of Studio Pro and bots during execution may be unstable. Close applications that are not being used, increase the memory, or optimize the workflow.

[2024-11-20T14:08:31.052Z] : [info]: ---------------------------------------------

[2024-11-20T14:08:31.053Z] : [success]: Bot started

[2024-11-20T14:08:31.053Z] : [info]: Robot start

[2024-11-20T14:08:31.087Z] : [success]: Robot saved successfully

[2024-11-20T14:08:37.438Z] : [success]: Bot finished successfully, total execution time: 6s 382ms

[2024-11-20T14:08:37.439Z] : [info]: ---------------------------------------------

[2024-11-20T14:09:22.781Z] : [warn]: There is a small amount of free memory (RAM) left, 95.92% of RAM is being used (7575 MBs). The performance of Studio Pro and bots during execution may be unstable. Close applications that are not being used, increase the memory, or optimize the workflow.

[2024-11-20T14:17:25.751Z] : [success]: Bot started

[2024-11-20T14:17:25.752Z] : [info]: Robot start

[2024-11-20T14:17:25.784Z] : [success]: Robot saved successfully

[2024-11-20T14:17:38.333Z] : [error]: Script Stopped.

[2024-11-20T14:17:39.077Z] : [info]: Total execution time: 12s 577ms

[2024-11-20T14:17:39.081Z] : [info]: ---------------------------------------------

[2024-11-20T14:20:22.819Z] : [warn]: There is a small amount of free memory (RAM) left, 93.86% of RAM is being used (7412 MBs). The performance of Studio Pro and bots during execution may be unstable. Close applications that are not being used, increase the memory, or optimize the workflow.

[2024-11-20T14:32:08.466Z] : [success]: Bot started

[2024-11-20T14:32:08.467Z] : [info]: Robot start

[2024-11-20T14:33:07.421Z] : [error]: Script Stopped.

[2024-11-20T14:33:07.674Z] : [info]: Total execution time: 58s 952ms

[2024-11-20T14:33:07.675Z] : [info]: ---------------------------------------------

[2024-11-20T14:40:16.966Z] : [info]: ---------------------------------------------

[2024-11-20T14:40:16.968Z] : [success]: Bot started

[2024-11-20T14:40:16.969Z] : [info]: Robot start

[2024-11-20T14:40:22.800Z] : [warn]: There is a small amount of free memory (RAM) left, 91.9% of RAM is being used (7257 MBs). The performance of Studio Pro and bots during execution may be unstable. Close applications that are not being used, increase the memory, or optimize the workflow.

[2024-11-20T14:42:21.002Z] : [success]: Bot finished successfully, total execution time: 2m 4s 30ms

[2024-11-20T14:42:21.003Z] : [info]: ---------------------------------------------

[2024-11-20T14:42:37.373Z] : [success]: Bot started

[2024-11-20T14:42:37.375Z] : [info]: Robot start

[2024-11-20T14:42:56.436Z] : [error]: The robot could not fill in a field in the form. See details to check the error. : TIMEOUT_ERROR

[2024-11-20T14:43:00.176Z] : [success]: Bot finished successfully, total execution time: 22s 797ms

[2024-11-20T14:43:00.178Z] : [info]: ---------------------------------------------

[2024-11-20T14:45:52.812Z] : [warn]: There is a small amount of free memory (RAM) left, 93.48% of RAM is being used (7382 MBs). The performance of Studio Pro and bots during execution may be unstable. Close applications that are not being used, increase the memory, or optimize the workflow.

[2024-11-20T14:53:52.818Z] : [warn]: There is a small amount of free memory (RAM) left, 92.69% of RAM is being used (7320 MBs). The performance of Studio Pro and bots during execution may be unstable. Close applications that are not being used, increase the memory, or optimize the workflow.

[2024-11-20T15:01:22.825Z] : [warn]: There is a small amount of free memory (RAM) left, 94.28% of RAM is being used (7445 MBs). The performance of Studio Pro and bots during execution may be unstable. Close applications that are not being used, increase the memory, or optimize the workflow.

[2024-11-20T15:02:52.787Z] : [warn]: There is a small amount of free memory (RAM) left, 93.15% of RAM is being used (7356 MBs). The performance of Studio Pro and bots during execution may be unstable. Close applications that are not being used, increase the memory, or optimize the workflow.

[2024-11-20T15:05:52.835Z] : [warn]: There is a small amount of free memory (RAM) left, 93.4% of RAM is being used (7376 MBs). The performance of Studio Pro and bots during execution may be unstable. Close applications that are not being used, increase the memory, or optimize the workflow.

[2024-11-20T15:07:52.813Z] : [warn]: There is a small amount of free memory (RAM) left, 94.73% of RAM is being used (7481 MBs). The performance of Studio Pro and bots during execution may be unstable. Close applications that are not being used, increase the memory, or optimize the workflow.

[2024-11-20T15:10:52.784Z] : [warn]: There is a small amount of free memory (RAM) left, 90.54% of RAM is being used (7150 MBs). The performance of Studio Pro and bots during execution may be unstable. Close applications that are not being used, increase the memory, or optimize the workflow.

[2024-11-20T15:14:22.807Z] : [warn]: There is a small amount of free memory (RAM) left, 92.83% of RAM is being used (7331 MBs). The performance of Studio Pro and bots during execution may be unstable. Close applications that are not being used, increase the memory, or optimize the workflow.

[2024-11-20T15:17:22.847Z] : [warn]: There is a small amount of free memory (RAM) left, 92.49% of RAM is being used (7304 MBs). The performance of Studio Pro and bots during execution may be unstable. Close applications that are not being used, increase the memory, or optimize the workflow.

[2024-11-20T15:20:22.853Z] : [warn]: There is a small amount of free memory (RAM) left, 92.5% of RAM is being used (7305 MBs). The performance of Studio Pro and bots during execution may be unstable. Close applications that are not being used, increase the memory, or optimize the workflow.

[2024-11-20T15:22:52.788Z] : [warn]: There is a small amount of free memory (RAM) left, 92.3% of RAM is being used (7289 MBs). The performance of Studio Pro and bots during execution may be unstable. Close applications that are not being used, increase the memory, or optimize the workflow.

[2024-11-20T15:25:52.844Z] : [warn]: There is a small amount of free memory (RAM) left, 93.44% of RAM is being used (7379 MBs). The performance of Studio Pro and bots during execution may be unstable. Close applications that are not being used, increase the memory, or optimize the workflow.

[2024-11-20T15:28:52.871Z] : [warn]: There is a small amount of free memory (RAM) left, 90.72% of RAM is being used (7164 MBs). The performance of Studio Pro and bots during execution may be unstable. Close applications that are not being used, increase the memory, or optimize the workflow.

[2024-11-20T15:29:52.791Z] : [warn]: There is a small amount of free memory (RAM) left, 90.9% of RAM is being used (7178 MBs). The performance of Studio Pro and bots during execution may be unstable. Close applications that are not being used, increase the memory, or optimize the workflow.

[2024-11-20T15:32:52.812Z] : [warn]: There is a small amount of free memory (RAM) left, 90.41% of RAM is being used (7140 MBs). The performance of Studio Pro and bots during execution may be unstable. Close applications that are not being used, increase the memory, or optimize the workflow.

[2024-11-20T15:35:52.787Z] : [warn]: There is a small amount of free memory (RAM) left, 90.49% of RAM is being used (7146 MBs). The performance of Studio Pro and bots during execution may be unstable. Close applications that are not being used, increase the memory, or optimize the workflow.

[2024-11-20T15:40:52.793Z] : [warn]: There is a small amount of free memory (RAM) left, 90.29% of RAM is being used (7130 MBs). The performance of Studio Pro and bots during execution may be unstable. Close applications that are not being used, increase the memory, or optimize the workflow.

[2024-11-20T15:43:22.778Z] : [warn]: There is a small amount of free memory (RAM) left, 91.53% of RAM is being used (7228 MBs). The performance of Studio Pro and bots during execution may be unstable. Close applications that are not being used, increase the memory, or optimize the workflow.

[2024-11-20T15:46:22.804Z] : [warn]: There is a small amount of free memory (RAM) left, 90.64% of RAM is being used (7158 MBs). The performance of Studio Pro and bots during execution may be unstable. Close applications that are not being used, increase the memory, or optimize the workflow.

[2024-11-20T15:54:22.794Z] : [warn]: There is a small amount of free memory (RAM) left, 90.34% of RAM is being used (7134 MBs). The performance of Studio Pro and bots during execution may be unstable. Close applications that are not being used, increase the memory, or optimize the workflow.

[2024-11-20T15:55:52.786Z] : [warn]: There is a small amount of free memory (RAM) left, 90.2% of RAM is being used (7123 MBs). The performance of Studio Pro and bots during execution may be unstable. Close applications that are not being used, increase the memory, or optimize the workflow.

[2024-11-20T15:56:52.784Z] : [warn]: There is a small amount of free memory (RAM) left, 91.41% of RAM is being used (7219 MBs). The performance of Studio Pro and bots during execution may be unstable. Close applications that are not being used, increase the memory, or optimize the workflow.

[2024-11-20T16:01:52.801Z] : [warn]: There is a small amount of free memory (RAM) left, 91.49% of RAM is being used (7225 MBs). The performance of Studio Pro and bots during execution may be unstable. Close applications that are not being used, increase the memory, or optimize the workflow.

[2024-11-20T16:05:52.807Z] : [warn]: There is a small amount of free memory (RAM) left, 90.97% of RAM is being used (7184 MBs). The performance of Studio Pro and bots during execution may be unstable. Close applications that are not being used, increase the memory, or optimize the workflow.

[2024-11-20T16:09:52.797Z] : [warn]: There is a small amount of free memory (RAM) left, 90.5% of RAM is being used (7147 MBs). The performance of Studio Pro and bots during execution may be unstable. Close applications that are not being used, increase the memory, or optimize the workflow.

[2024-11-20T16:12:52.814Z] : [warn]: There is a small amount of free memory (RAM) left, 90.45% of RAM is being used (7143 MBs). The performance of Studio Pro and bots during execution may be unstable. Close applications that are not being used, increase the memory, or optimize the workflow.

